{"name":"Log in with a new user in Utest","id":"utest-plataform;log-in-with-a-new-user-in-utest","testSteps":[{"number":1,"description":"Given than Fanny wants to join to UTest","duration":23868,"startTime":"2020-11-08T20:00:14.367-05:00[America/Bogota]","screenshots":[{"screenshot":"0a52beb32d5c8f600c5a8630386fa67d76bf1e749e14ea0e1a42db802ebc891f.png","timeStamp":1604883638235}],"result":"SUCCESS","precondition":false,"level":0,"lineNumber":0,"children":[{"number":2,"description":"Fanny open up","duration":23836,"startTime":"2020-11-08T20:00:14.399-05:00[America/Bogota]","screenshots":[{"screenshot":"0a52beb32d5c8f600c5a8630386fa67d76bf1e749e14ea0e1a42db802ebc891f.png","timeStamp":1604883638235}],"result":"SUCCESS","precondition":false,"level":1,"lineNumber":0,"children":[{"number":3,"description":"Fanny opens the U test page","duration":23836,"startTime":"2020-11-08T20:00:14.399-05:00[America/Bogota]","screenshots":[{"screenshot":"0a52beb32d5c8f600c5a8630386fa67d76bf1e749e14ea0e1a42db802ebc891f.png","timeStamp":1604883638235}],"result":"SUCCESS","precondition":false,"level":2,"lineNumber":0}]}]},{"number":4,"description":"When she login with the new user\r\n| user | password |\r\n| a1@gmail.com | Faz2020.20 |","duration":6128,"startTime":"2020-11-08T20:00:38.235-05:00[America/Bogota]","screenshots":[{"screenshot":"6465f5eb9cae554d17512a740a06ddd384f64d8a2946127762580b54df3442bb.png","timeStamp":1604883644363}],"result":"SUCCESS","precondition":false,"level":0,"lineNumber":0,"children":[{"number":5,"description":"Fanny login","duration":6107,"startTime":"2020-11-08T20:00:38.251-05:00[America/Bogota]","screenshots":[{"screenshot":"6465f5eb9cae554d17512a740a06ddd384f64d8a2946127762580b54df3442bb.png","timeStamp":1604883644358}],"result":"SUCCESS","precondition":false,"level":1,"lineNumber":0,"children":[{"number":6,"description":"Fanny clicks on Button that lets us pass to location page","duration":1937,"startTime":"2020-11-08T20:00:38.313-05:00[America/Bogota]","screenshots":[{"screenshot":"0eb1df9aaf4d2c0f131ae8372a1d92dbdf3202411f8b7b97bec6753a521e2965.png","timeStamp":1604883640250}],"result":"SUCCESS","precondition":false,"level":2,"lineNumber":0},{"number":7,"description":"Fanny enters \u0027a1@gmail.com\u0027 into Where do we write the first name","duration":948,"startTime":"2020-11-08T20:00:40.250-05:00[America/Bogota]","screenshots":[{"screenshot":"c6248ad165516fa2dee81edc6118c418fb2bb9b7419a7891a721165af4d7a126.png","timeStamp":1604883641198}],"result":"SUCCESS","precondition":false,"level":2,"lineNumber":0},{"number":8,"description":"Fanny enters \u0027Faz2020.20\u0027 into Where do we write the first name","duration":888,"startTime":"2020-11-08T20:00:41.214-05:00[America/Bogota]","screenshots":[{"screenshot":"e5003d2658c26b9c7217442f0a46a8dbd2160d890d11530e6c5a53d138e40e14.png","timeStamp":1604883642102}],"result":"SUCCESS","precondition":false,"level":2,"lineNumber":0},{"number":9,"description":"Fanny clicks on Button that lets us log in","duration":2234,"startTime":"2020-11-08T20:00:42.118-05:00[America/Bogota]","screenshots":[{"screenshot":"6465f5eb9cae554d17512a740a06ddd384f64d8a2946127762580b54df3442bb.png","timeStamp":1604883644352}],"result":"SUCCESS","precondition":false,"level":2,"lineNumber":0}]}]},{"number":10,"description":"Then she confirms successful creation of the new user\r\n| user |\r\n| a1@gmail.com |","duration":2639,"startTime":"2020-11-08T20:00:44.366-05:00[America/Bogota]","exception":{"errorType":"java.lang.AssertionError","message":"no such element: Unable to locate element: {\"method\":\"xpath\",\"selector\":\"//*[contains(text(),\u0027null\u0027)]\"}\n  (Session info: chrome\u003d86.0.4240.183)\nFor documentation on this error, please visit: https://www.seleniumhq.org/exceptions/no_such_element.html\nBuild info: version: \u00273.141.59\u0027, revision: \u0027e82be7d358\u0027, time: \u00272018-11-14T08:17:03\u0027\nSystem info: host: \u0027DESKTOP-3IN7QS3\u0027, ip: \u0027192.168.0.3\u0027, os.name: \u0027Windows 10\u0027, os.arch: \u0027amd64\u0027, os.version: \u002710.0\u0027, java.version: \u00271.8.0_161\u0027\nDriver info: org.openqa.selenium.chrome.ChromeDriver\nCapabilities {acceptInsecureCerts: false, browserName: chrome, browserVersion: 86.0.4240.183, chrome: {chromedriverVersion: 86.0.4240.22 (398b0743353ff..., userDataDir: C:\\Users\\Fanny\\AppData\\Loca...}, goog:chromeOptions: {debuggerAddress: localhost:57521}, javascriptEnabled: true, networkConnectionEnabled: false, pageLoadStrategy: normal, platform: WINDOWS, platformName: WINDOWS, proxy: Proxy(), setWindowRect: true, strictFileInteractability: false, timeouts: {implicit: 0, pageLoad: 300000, script: 30000}, unhandledPromptBehavior: dismiss and notify, webauthn:virtualAuthenticators: true}\nSession ID: b9f3b6a66d4e387caa11454ed8fe590e\n*** Element info: {Using\u003dxpath, value\u003d//*[contains(text(),\u0027null\u0027)]}","stackTrace":[{"declaringClass":"GradleJunitSerenityCucumberScreenPlay02.stepdefinitions.UTestStepDefinitions","methodName":"sheConfirmsSuccessfulCreation","fileName":"UTestStepDefinitions.java","lineNumber":58},{"declaringClass":"âœ½","methodName":"she confirms successful creation of the new user","fileName":"src/test/resources/features/Utest.feature","lineNumber":18}]},"result":"FAILURE","precondition":false,"level":0,"lineNumber":0,"children":[{"number":11,"description":"Then answer","duration":2412,"startTime":"2020-11-08T20:00:44.577-05:00[America/Bogota]","screenshots":[{"screenshot":"6465f5eb9cae554d17512a740a06ddd384f64d8a2946127762580b54df3442bb.png","htmlSource":"pagesource3134719690636595389.html.txt","timeStamp":1604883646989}],"exception":{"errorType":"org.openqa.selenium.NoSuchElementException","message":"no such element: Unable to locate element: {\"method\":\"xpath\",\"selector\":\"//*[contains(text(),\u0027null\u0027)]\"}\n  (Session info: chrome\u003d86.0.4240.183)\nFor documentation on this error, please visit: https://www.seleniumhq.org/exceptions/no_such_element.html\nBuild info: version: \u00273.141.59\u0027, revision: \u0027e82be7d358\u0027, time: \u00272018-11-14T08:17:03\u0027\nSystem info: host: \u0027DESKTOP-3IN7QS3\u0027, ip: \u0027192.168.0.3\u0027, os.name: \u0027Windows 10\u0027, os.arch: \u0027amd64\u0027, os.version: \u002710.0\u0027, java.version: \u00271.8.0_161\u0027\nDriver info: org.openqa.selenium.chrome.ChromeDriver\nCapabilities {acceptInsecureCerts: false, browserName: chrome, browserVersion: 86.0.4240.183, chrome: {chromedriverVersion: 86.0.4240.22 (398b0743353ff..., userDataDir: C:\\Users\\Fanny\\AppData\\Loca...}, goog:chromeOptions: {debuggerAddress: localhost:57521}, javascriptEnabled: true, networkConnectionEnabled: false, pageLoadStrategy: normal, platform: WINDOWS, platformName: WINDOWS, proxy: Proxy(), setWindowRect: true, strictFileInteractability: false, timeouts: {implicit: 0, pageLoad: 300000, script: 30000}, unhandledPromptBehavior: dismiss and notify, webauthn:virtualAuthenticators: true}\nSession ID: b9f3b6a66d4e387caa11454ed8fe590e\n*** Element info: {Using\u003dxpath, value\u003d//*[contains(text(),\u0027null\u0027)]}","stackTrace":[{"declaringClass":"GradleJunitSerenityCucumberScreenPlay02.questions.Answer","methodName":"answeredBy","fileName":"Answer.java","lineNumber":23},{"declaringClass":"GradleJunitSerenityCucumberScreenPlay02.questions.Answer","methodName":"answeredBy","fileName":"Answer.java","lineNumber":1},{"declaringClass":"GradleJunitSerenityCucumberScreenPlay02.stepdefinitions.UTestStepDefinitions","methodName":"sheConfirmsSuccessfulCreation","fileName":"UTestStepDefinitions.java","lineNumber":58},{"declaringClass":"cucumber.runner.Runner","methodName":"runPickle","fileName":"Runner.java","lineNumber":80},{"declaringClass":"org.eclipse.jdt.internal.junit4.runner.JUnit4TestReference","methodName":"run","fileName":"JUnit4TestReference.java","lineNumber":89},{"declaringClass":"org.eclipse.jdt.internal.junit.runner.TestExecution","methodName":"run","fileName":"TestExecution.java","lineNumber":41},{"declaringClass":"org.eclipse.jdt.internal.junit.runner.RemoteTestRunner","methodName":"runTests","fileName":"RemoteTestRunner.java","lineNumber":541},{"declaringClass":"org.eclipse.jdt.internal.junit.runner.RemoteTestRunner","methodName":"runTests","fileName":"RemoteTestRunner.java","lineNumber":763},{"declaringClass":"org.eclipse.jdt.internal.junit.runner.RemoteTestRunner","methodName":"run","fileName":"RemoteTestRunner.java","lineNumber":463},{"declaringClass":"org.eclipse.jdt.internal.junit.runner.RemoteTestRunner","methodName":"main","fileName":"RemoteTestRunner.java","lineNumber":209}]},"result":"ERROR","precondition":false,"level":1,"lineNumber":0}]}],"userStory":{"id":"utest-plataform","storyName":"UTest Plataform","path":"src/test/resources/features/Utest.feature","narrative":"\tAs a user, I want to join UTest ","type":"feature"},"featureTag":{"name":"Features/UTest Plataform","type":"feature","displayName":"Features/UTest Plataform"},"title":"Log in with a new user in Utest","tags":[{"name":"scenario1","type":"tag","displayName":"scenario1"},{"name":"stories","type":"tag","displayName":"stories"},{"name":"UTest Plataform","type":"feature","displayName":"UTest Plataform"}],"startTime":"2020-11-08T20:00:14.367-05:00[America/Bogota]","duration":32654,"testFailureCause":{"errorType":"org.openqa.selenium.NoSuchElementException","message":"no such element: Unable to locate element: {\"method\":\"xpath\",\"selector\":\"//*[contains(text(),\u0027null\u0027)]\"}\n  (Session info: chrome\u003d86.0.4240.183)\nFor documentation on this error, please visit: https://www.seleniumhq.org/exceptions/no_such_element.html\nBuild info: version: \u00273.141.59\u0027, revision: \u0027e82be7d358\u0027, time: \u00272018-11-14T08:17:03\u0027\nSystem info: host: \u0027DESKTOP-3IN7QS3\u0027, ip: \u0027192.168.0.3\u0027, os.name: \u0027Windows 10\u0027, os.arch: \u0027amd64\u0027, os.version: \u002710.0\u0027, java.version: \u00271.8.0_161\u0027\nDriver info: org.openqa.selenium.chrome.ChromeDriver\nCapabilities {acceptInsecureCerts: false, browserName: chrome, browserVersion: 86.0.4240.183, chrome: {chromedriverVersion: 86.0.4240.22 (398b0743353ff..., userDataDir: C:\\Users\\Fanny\\AppData\\Loca...}, goog:chromeOptions: {debuggerAddress: localhost:57521}, javascriptEnabled: true, networkConnectionEnabled: false, pageLoadStrategy: normal, platform: WINDOWS, platformName: WINDOWS, proxy: Proxy(), setWindowRect: true, strictFileInteractability: false, timeouts: {implicit: 0, pageLoad: 300000, script: 30000}, unhandledPromptBehavior: dismiss and notify, webauthn:virtualAuthenticators: true}\nSession ID: b9f3b6a66d4e387caa11454ed8fe590e\n*** Element info: {Using\u003dxpath, value\u003d//*[contains(text(),\u0027null\u0027)]}","stackTrace":[{"declaringClass":"GradleJunitSerenityCucumberScreenPlay02.questions.Answer","methodName":"answeredBy","fileName":"Answer.java","lineNumber":23},{"declaringClass":"GradleJunitSerenityCucumberScreenPlay02.questions.Answer","methodName":"answeredBy","fileName":"Answer.java","lineNumber":1},{"declaringClass":"GradleJunitSerenityCucumberScreenPlay02.stepdefinitions.UTestStepDefinitions","methodName":"sheConfirmsSuccessfulCreation","fileName":"UTestStepDefinitions.java","lineNumber":58},{"declaringClass":"cucumber.runner.Runner","methodName":"runPickle","fileName":"Runner.java","lineNumber":80},{"declaringClass":"org.eclipse.jdt.internal.junit4.runner.JUnit4TestReference","methodName":"run","fileName":"JUnit4TestReference.java","lineNumber":89},{"declaringClass":"org.eclipse.jdt.internal.junit.runner.TestExecution","methodName":"run","fileName":"TestExecution.java","lineNumber":41},{"declaringClass":"org.eclipse.jdt.internal.junit.runner.RemoteTestRunner","methodName":"runTests","fileName":"RemoteTestRunner.java","lineNumber":541},{"declaringClass":"org.eclipse.jdt.internal.junit.runner.RemoteTestRunner","methodName":"runTests","fileName":"RemoteTestRunner.java","lineNumber":763},{"declaringClass":"org.eclipse.jdt.internal.junit.runner.RemoteTestRunner","methodName":"run","fileName":"RemoteTestRunner.java","lineNumber":463},{"declaringClass":"org.eclipse.jdt.internal.junit.runner.RemoteTestRunner","methodName":"main","fileName":"RemoteTestRunner.java","lineNumber":209}]},"testFailureClassname":"org.openqa.selenium.NoSuchElementException","testFailureMessage":"no such element: Unable to locate element: {\"method\":\"xpath\",\"selector\":\"//*[contains(text(),\u0027null\u0027)]\"}\n  (Session info: chrome\u003d86.0.4240.183)\nFor documentation on this error, please visit: https://www.seleniumhq.org/exceptions/no_such_element.html\nBuild info: version: \u00273.141.59\u0027, revision: \u0027e82be7d358\u0027, time: \u00272018-11-14T08:17:03\u0027\nSystem info: host: \u0027DESKTOP-3IN7QS3\u0027, ip: \u0027192.168.0.3\u0027, os.name: \u0027Windows 10\u0027, os.arch: \u0027amd64\u0027, os.version: \u002710.0\u0027, java.version: \u00271.8.0_161\u0027\nDriver info: org.openqa.selenium.chrome.ChromeDriver\nCapabilities {acceptInsecureCerts: false, browserName: chrome, browserVersion: 86.0.4240.183, chrome: {chromedriverVersion: 86.0.4240.22 (398b0743353ff..., userDataDir: C:\\Users\\Fanny\\AppData\\Loca...}, goog:chromeOptions: {debuggerAddress: localhost:57521}, javascriptEnabled: true, networkConnectionEnabled: false, pageLoadStrategy: normal, platform: WINDOWS, platformName: WINDOWS, proxy: Proxy(), setWindowRect: true, strictFileInteractability: false, timeouts: {implicit: 0, pageLoad: 300000, script: 30000}, unhandledPromptBehavior: dismiss and notify, webauthn:virtualAuthenticators: true}\nSession ID: b9f3b6a66d4e387caa11454ed8fe590e\n*** Element info: {Using\u003dxpath, value\u003d//*[contains(text(),\u0027null\u0027)]}","testFailureSummary":"ERROR;org.openqa.selenium.NoSuchElementException;no such element: Unable to locate element: {\"method\":\"xpath\",\"selector\":\"//*[contains(text(),\u0027null\u0027)]\"}\n  (Session info: chrome\u003d86.0.4240.183)\nFor documentation on this error, please visit: https://www.seleniumhq.org/exceptions/no_such_element.html\nBuild info: version: \u00273.141.59\u0027, revision: \u0027e82be7d358\u0027, time: \u00272018-11-14T08:17:03\u0027\nSystem info: host: \u0027DESKTOP-3IN7QS3\u0027, ip: \u0027192.168.0.3\u0027, os.name: \u0027Windows 10\u0027, os.arch: \u0027amd64\u0027, os.version: \u002710.0\u0027, java.version: \u00271.8.0_161\u0027\nDriver info: org.openqa.selenium.chrome.ChromeDriver\nCapabilities {acceptInsecureCerts: false, browserName: chrome, browserVersion: 86.0.4240.183, chrome: {chromedriverVersion: 86.0.4240.22 (398b0743353ff..., userDataDir: C:\\Users\\Fanny\\AppData\\Loca...}, goog:chromeOptions: {debuggerAddress: localhost:57521}, javascriptEnabled: true, networkConnectionEnabled: false, pageLoadStrategy: normal, platform: WINDOWS, platformName: WINDOWS, proxy: Proxy(), setWindowRect: true, strictFileInteractability: false, timeouts: {implicit: 0, pageLoad: 300000, script: 30000}, unhandledPromptBehavior: dismiss and notify, webauthn:virtualAuthenticators: true}\nSession ID: b9f3b6a66d4e387caa11454ed8fe590e\n*** Element info: {Using\u003dxpath, value\u003d//*[contains(text(),\u0027null\u0027)]};Answer.java","projectKey":"","annotatedResult":"ERROR","sessionId":"b9f3b6a66d4e387caa11454ed8fe590e","driver":"chrome:fanny","isManualTestingUpToDate":false,"manual":false,"testSource":"Cucumber","actors":[{"name":"Fanny","can":["browse the web"]}],"result":"ERROR"}