<?xml version="1.0" encoding="UTF-8"?><testsuite errors="1" failures="0" name="UTest Plataform" skipped="0" tests="2" time="44.88" timestamp="2020-11-08 08:00:00"><testcase name="Create a new user in Utest"/><testcase name="Log in with a new user in Utest"><error message="no such element: Unable to locate element: {&quot;method&quot;:&quot;xpath&quot;,&quot;selector&quot;:&quot;//*[contains(text(),'null')]&quot;}&#10;  (Session info: chrome=86.0.4240.183)&#10;For documentation on this error, please visit: https://www.seleniumhq.org/exceptions/no_such_element.html&#10;Build info: version: '3.141.59', revision: 'e82be7d358', time: '2018-11-14T08:17:03'&#10;System info: host: 'DESKTOP-3IN7QS3', ip: '192.168.0.3', os.name: 'Windows 10', os.arch: 'amd64', os.version: '10.0', java.version: '1.8.0_161'&#10;Driver info: org.openqa.selenium.chrome.ChromeDriver&#10;Capabilities {acceptInsecureCerts: false, browserName: chrome, browserVersion: 86.0.4240.183, chrome: {chromedriverVersion: 86.0.4240.22 (398b0743353ff..., userDataDir: C:\Users\Fanny\AppData\Loca...}, goog:chromeOptions: {debuggerAddress: localhost:57521}, javascriptEnabled: true, networkConnectionEnabled: false, pageLoadStrategy: normal, platform: WINDOWS, platformName: WINDOWS, proxy: Proxy(), setWindowRect: true, strictFileInteractability: false, timeouts: {implicit: 0, pageLoad: 300000, script: 30000}, unhandledPromptBehavior: dismiss and notify, webauthn:virtualAuthenticators: true}&#10;Session ID: b9f3b6a66d4e387caa11454ed8fe590e&#10;*** Element info: {Using=xpath, value=//*[contains(text(),'null')]}" type="java.lang.AssertionError">no such element: Unable to locate element: {"method":"xpath","selector":"//*[contains(text(),'null')]"}
  (Session info: chrome=86.0.4240.183)
For documentation on this error, please visit: https://www.seleniumhq.org/exceptions/no_such_element.html
Build info: version: '3.141.59', revision: 'e82be7d358', time: '2018-11-14T08:17:03'
System info: host: 'DESKTOP-3IN7QS3', ip: '192.168.0.3', os.name: 'Windows 10', os.arch: 'amd64', os.version: '10.0', java.version: '1.8.0_161'
Driver info: org.openqa.selenium.chrome.ChromeDriver
Capabilities {acceptInsecureCerts: false, browserName: chrome, browserVersion: 86.0.4240.183, chrome: {chromedriverVersion: 86.0.4240.22 (398b0743353ff..., userDataDir: C:\Users\Fanny\AppData\Loca...}, goog:chromeOptions: {debuggerAddress: localhost:57521}, javascriptEnabled: true, networkConnectionEnabled: false, pageLoadStrategy: normal, platform: WINDOWS, platformName: WINDOWS, proxy: Proxy(), setWindowRect: true, strictFileInteractability: false, timeouts: {implicit: 0, pageLoad: 300000, script: 30000}, unhandledPromptBehavior: dismiss and notify, webauthn:virtualAuthenticators: true}
Session ID: b9f3b6a66d4e387caa11454ed8fe590e
*** Element info: {Using=xpath, value=//*[contains(text(),'null')]}</error><system-err>no such element: Unable to locate element: {"method":"xpath","selector":"//*[contains(text(),'null')]"}
  (Session info: chrome=86.0.4240.183)
For documentation on this error, please visit: https://www.seleniumhq.org/exceptions/no_such_element.html
Build info: version: '3.141.59', revision: 'e82be7d358', time: '2018-11-14T08:17:03'
System info: host: 'DESKTOP-3IN7QS3', ip: '192.168.0.3', os.name: 'Windows 10', os.arch: 'amd64', os.version: '10.0', java.version: '1.8.0_161'
Driver info: org.openqa.selenium.chrome.ChromeDriver
Capabilities {acceptInsecureCerts: false, browserName: chrome, browserVersion: 86.0.4240.183, chrome: {chromedriverVersion: 86.0.4240.22 (398b0743353ff..., userDataDir: C:\Users\Fanny\AppData\Loca...}, goog:chromeOptions: {debuggerAddress: localhost:57521}, javascriptEnabled: true, networkConnectionEnabled: false, pageLoadStrategy: normal, platform: WINDOWS, platformName: WINDOWS, proxy: Proxy(), setWindowRect: true, strictFileInteractability: false, timeouts: {implicit: 0, pageLoad: 300000, script: 30000}, unhandledPromptBehavior: dismiss and notify, webauthn:virtualAuthenticators: true}
Session ID: b9f3b6a66d4e387caa11454ed8fe590e
*** Element info: {Using=xpath, value=//*[contains(text(),'null')]}&#13;
GradleJunitSerenityCucumberScreenPlay02.stepdefinitions.UTestStepDefinitions.sheConfirmsSuccessfulCreation(UTestStepDefinitions.java:58)&#13;
âœ½.she confirms successful creation of the new user(src/test/resources/features/Utest.feature:18)&#13;
</system-err></testcase></testsuite>